---------------------------------------------------------------------------
TxId	Txtype	Operation	ObId:Obvalue:optime	LockType	Status		TxStatus
T1	W 	BeginTx
T1					ReadTx			 1:-1:8884 			 ReadLock			 Granted			 P
T1					ReadTx			 2:-1:8884 			 ReadLock			 Granted			 P
T1					ReadTx			 3:-1:8884 			 ReadLock			 Granted			 P
T2	W 	BeginTx
T2					ReadTx			 4:-1:1102 			 ReadLock			 Granted			 P
T2					ReadTx			 5:-1:1102 			 ReadLock			 Granted			 P
T3	W 	BeginTx
T3					ReadTx			 6:-1:5781 			 ReadLock			 Granted			 P
T3					ReadTx			 7:-1:5781 			 ReadLock			 Granted			 P
T3					ReadTx			 8:-1:5781 			 ReadLock			 Granted			 P
T3	CommitTx 	8 : -1, 7 : -1, 6 : -1, 
T2	CommitTx 	5 : -1, 4 : -1, 
T1	CommitTx 	3 : -1, 2 : -1, 1 : -1, 
T5	R 	BeginTx
T5					ReadTx			 9:-1:4911 			 ReadLock			 Granted			 P
T5					ReadTx			 10:-1:4911 			 ReadLock			 Granted			 P
T5					ReadTx			 11:-1:4911 			 ReadLock			 Granted			 P
T5					ReadTx			 12:-1:4911 			 ReadLock			 Granted			 P
T5					ReadTx			 13:-1:4911 			 ReadLock			 Granted			 P
T5					ReadTx			 1:-2:4911 			 ReadLock			 Granted			 P
T5	CommitTx 	1 : -2, 13 : -1, 12 : -1, 11 : -1, 10 : -1, 9 : -1, 
