---------------------------------------------------------------------------
TxId	Txtype	Operation	ObId:Obvalue:optime	LockType	Status		TxStatus
T10	W 	BeginTx
T2	W 	BeginTx
T2					WriteTx			4:1:1102			WriteLock			Granted			 P
T2					WriteTx			5:1:1102			WriteLock			Granted			 P
T3	W 	BeginTx
T3					WriteTx			6:1:5781			WriteLock			Granted			 P
T3					WriteTx			7:1:5781			WriteLock			Granted			 P
T3					ReadTx			 9:-1:5781 			 ReadLock			 Granted			 P
T3	CommitTx 	9 : -1, 7 : 1, 6 : 1, 
T2	CommitTx 	5 : 1, 4 : 1, 
T5	R 	BeginTx
T5					ReadTx			 1:-1:4911 			 ReadLock			 Granted			 P
T5					ReadTx			 2:-1:4911 			 ReadLock			 Granted			 P
T5					ReadTx			 3:-1:4911 			 ReadLock			 Granted			 P
T5					ReadTx			 8:-1:4911 			 ReadLock			 Granted			 P
T5					ReadTx			 6:0:4911 			 ReadLock			 Granted			 P
T5					ReadTx			 7:0:4911 			 ReadLock			 Granted			 P
T5	CommitTx 	7 : 0, 6 : 0, 8 : -1, 3 : -1, 2 : -1, 1 : -1, 
